Warning: No display specified.  You will not be able to display graphics on the screen.
Warning: No window system found.  Java option 'MWT' ignored.

                            < M A T L A B (R) >
                  Copyright 1984-2012 The MathWorks, Inc.
                    R2012b (8.0.0.783) 64-bit (glnxa64)
                              August 22, 2012

 
To get started, type one of these: helpwin, helpdesk, or demo.
For product information, visit www.mathworks.com.
 
>> >> >> >> >> >> >> >> >> >> >> >> >> >> >> >> >> >> >> >> >> >> >> >> >> >> >> >> >> >> >> >> >> >> >> >> >> >> >> >> >> >> >> >> >> >> >> >> >> >> >> >> >> >> >> >> >> >> >> >> >> >> >> >> >> >> >> >> >> >> Iter 100 emp 9351 changemu 166 fu 0.3243658
Iter 200 emp 9339 changemu 311 fu 0.3177308
Iter 300 emp 9325 changemu 489 fu 0.3140118
Iter 400 emp 9325 changemu 585 fu 0.3076748
Iter 500 emp 9310 changemu 728 fu 0.3070578
Iter 600 emp 9347 changemu 882 fu 0.3108118
Iter 700 emp 9321 changemu 1126 fu 0.3038938
Iter 800 emp 9397 changemu 1227 fu 0.3089078
Iter 900 emp 9340 changemu 1419 fu 0.2876278
Iter 1000 emp 9314 changemu 1646 fu 0.2835538
Iter 1100 emp 9317 changemu 1839 fu 0.2866548
Iter 1200 emp 9198 changemu 2058 fu 0.2622828
Iter 1300 emp 9206 changemu 2137 fu 0.2659218
Iter 1400 emp 9276 changemu 2237 fu 0.2678958
Iter 1500 emp 9288 changemu 2390 fu 0.2641738
Iter 1600 emp 9229 changemu 2602 fu 0.2551898
Iter 1700 emp 9219 changemu 2802 fu 0.2510638
Iter 1800 emp 9146 changemu 3190 fu 0.2290378
Iter 1900 emp 9099 changemu 3343 fu 0.2241018
Iter 2000 emp 9119 changemu 3434 fu 0.2201738
Iter 2100 emp 9136 changemu 3596 fu 0.2209138
Iter 2200 emp 9157 changemu 3748 fu 0.2251388
Iter 2300 emp 9106 changemu 3990 fu 0.2152478
Iter 2400 emp 9088 changemu 4125 fu 0.2145408
Iter 2500 emp 9115 changemu 4200 fu 0.2151828
Iter 2600 emp 9090 changemu 4444 fu 0.2142658
Iter 2700 emp 9068 changemu 4551 fu 0.2136018
Iter 2800 emp 9064 changemu 4799 fu 0.2222358
Iter 2900 emp 9074 changemu 4904 fu 0.2183538
Iter 3000 emp 9053 changemu 5029 fu 0.2136718
Iter 3100 emp 9025 changemu 5246 fu 0.2040978
Iter 3200 emp 8995 changemu 5426 fu 0.2078108
Iter 3300 emp 8948 changemu 5732 fu 0.2069908
Iter 3400 emp 9004 changemu 5819 fu 0.2129308
Iter 3500 emp 8943 changemu 6122 fu 0.1978088
Iter 3600 emp 8941 changemu 6160 fu 0.1975088
Iter 3700 emp 9031 changemu 6276 fu 0.2033558
Iter 3800 emp 8999 changemu 6556 fu 0.1933928
Iter 3900 emp 8940 changemu 6759 fu 0.1830618
Iter 4000 emp 8930 changemu 6968 fu 0.1966638
Iter 4100 emp 8978 changemu 6973 fu 0.2023648
Iter 4200 emp 8957 changemu 7086 fu 0.1878388
Iter 4300 emp 8953 changemu 7254 fu 0.2059748
Iter 4400 emp 9005 changemu 7317 fu 0.2158528
Iter 4500 emp 9058 changemu 7445 fu 0.2170688
Iter 4600 emp 9067 changemu 7481 fu 0.2214858
Iter 4700 emp 8981 changemu 7814 fu 0.2023078
Iter 4800 emp 9001 changemu 7885 fu 0.1982018
Iter 4900 emp 8966 changemu 8012 fu 0.1930288
Iter 5000 emp 9017 changemu 8039 fu 0.1984648
Iter 5100 emp 8974 changemu 8175 fu 0.1924408
Iter 5200 emp 8849 changemu 8503 fu 0.1704408
Iter 5300 emp 8807 changemu 8695 fu 0.1700498
Iter 5400 emp 8814 changemu 8943 fu 0.1751658
Iter 5500 emp 8762 changemu 9211 fu 0.1793758
Iter 5600 emp 8818 changemu 9290 fu 0.1892488
Iter 5700 emp 8801 changemu 9538 fu 0.1796968
Iter 5800 emp 8789 changemu 9723 fu 0.1936138
Iter 5900 emp 8799 changemu 9837 fu 0.1934888
Iter 6000 emp 8833 changemu 9946 fu 0.1847288
Iter 6100 emp 8899 changemu 10070 fu 0.1906198
Iter 6200 emp 8865 changemu 10301 fu 0.1852228
Iter 6300 emp 8914 changemu 10406 fu 0.1861328
Iter 6400 emp 8791 changemu 10619 fu 0.1637858
Iter 6500 emp 8756 changemu 10787 fu 0.1685978
Iter 6600 emp 8752 changemu 10912 fu 0.1740018
Iter 6700 emp 8841 changemu 10935 fu 0.1850078
Iter 6800 emp 8816 changemu 11065 fu 0.1793808
Iter 6900 emp 8852 changemu 11232 fu 0.1801038
Iter 7000 emp 8829 changemu 11516 fu 0.1843058
Iter 7100 emp 8765 changemu 11860 fu 0.1687508
Iter 7200 emp 8737 changemu 12054 fu 0.1575308
Iter 7300 emp 8757 changemu 12229 fu 0.1579378
Iter 7400 emp 8723 changemu 12523 fu 0.1680438
Iter 7500 emp 8732 changemu 12588 fu 0.1731708
Iter 7600 emp 8691 changemu 12790 fu 0.1727458
Iter 7700 emp 8735 changemu 12882 fu 0.1735028
Iter 7800 emp 8710 changemu 13060 fu 0.1582878
Iter 7900 emp 8620 changemu 13215 fu 0.1771748
Iter 8000 emp 8697 changemu 13233 fu 0.1779658
Iter 8100 emp 8656 changemu 13509 fu 0.1562868
Iter 8200 emp 8628 changemu 13724 fu 0.1616448
Iter 8300 emp 8697 changemu 13958 fu 0.1831958
Iter 8400 emp 8753 changemu 14244 fu 0.1838438
Iter 8500 emp 8716 changemu 14330 fu 0.1782068
Iter 8600 emp 8709 changemu 14433 fu 0.1829178
Iter 8700 emp 8734 changemu 14578 fu 0.1832098
Iter 8800 emp 8733 changemu 14708 fu 0.1784638
Iter 8900 emp 8820 changemu 14738 fu 0.1798598
Iter 9000 emp 8844 changemu 14754 fu 0.1849158
Iter 9100 emp 8770 changemu 15029 fu 0.1736558
Iter 9200 emp 8771 changemu 15257 fu 0.1735978
Iter 9300 emp 8830 changemu 15406 fu 0.2030588
Iter 9400 emp 8877 changemu 15621 fu 0.2040048
Iter 9500 emp 8842 changemu 15908 fu 0.1943398
Iter 9600 emp 8831 changemu 16048 fu 0.1855058
Iter 9700 emp 8793 changemu 16158 fu 0.1852328
Iter 9800 emp 8819 changemu 16401 fu 0.1993418
Iter 9900 emp 8819 changemu 16534 fu 0.1990298
Iter 10000 emp 8822 changemu 16693 fu 0.1947278
Iter 10100 emp 8892 changemu 16827 fu 0.2002798
Iter 10200 emp 8849 changemu 16944 fu 0.1952808
Iter 10300 emp 8862 changemu 17173 fu 0.1911338
Iter 10400 emp 8947 changemu 17228 fu 0.1972628
Iter 10500 emp 8855 changemu 17410 fu 0.1767098
Iter 10600 emp 8804 changemu 17714 fu 0.1804538
Iter 10700 emp 8900 changemu 17772 fu 0.1917688
Iter 10800 emp 8917 changemu 17916 fu 0.1921088
Iter 10900 emp 8941 changemu 18029 fu 0.1927568
Iter 11000 emp 8910 changemu 18186 fu 0.1920048
Iter 11100 emp 8910 changemu 18302 fu 0.2054358
Iter 11200 emp 8978 changemu 18367 fu 0.2153258
Iter 11300 emp 9041 changemu 18473 fu 0.2120808
Iter 11400 emp 9093 changemu 18684 fu 0.2174458
Iter 11500 emp 9079 changemu 18765 fu 0.2170288
Iter 11600 emp 9006 changemu 19005 fu 0.2111208
Iter 11700 emp 9021 changemu 19076 fu 0.2025198
Iter 11800 emp 8944 changemu 19431 fu 0.2097878
Iter 11900 emp 8932 changemu 19512 fu 0.2010938
Iter 12000 emp 8940 changemu 19737 fu 0.1916998
Iter 12100 emp 8946 changemu 19881 fu 0.1866898
Iter 12200 emp 8897 changemu 19994 fu 0.1761988
Iter 12300 emp 8902 changemu 20109 fu 0.1762158
Iter 12400 emp 8850 changemu 20271 fu 0.1701598
Iter 12500 emp 8833 changemu 20462 fu 0.1698708
Iter 12600 emp 8807 changemu 20650 fu 0.1582828
Iter 12700 emp 8692 changemu 20858 fu 0.1567398
Iter 12800 emp 8614 changemu 21251 fu 0.1502398
Iter 12900 emp 8553 changemu 21535 fu 0.1492638
Iter 13000 emp 8541 changemu 21720 fu 0.1376758
Iter 13100 emp 8535 changemu 21887 fu 0.1317288
Iter 13200 emp 8560 changemu 21981 fu 0.1498978
Iter 13300 emp 8689 changemu 22089 fu 0.1625568
Iter 13400 emp 8659 changemu 22174 fu 0.1620758
Iter 13500 emp 8652 changemu 22299 fu 0.1620488
Iter 13600 emp 8765 changemu 22376 fu 0.1837238
Iter 13700 emp 8808 changemu 22638 fu 0.1797298
Iter 13800 emp 8827 changemu 22687 fu 0.1895768
Iter 13900 emp 8902 changemu 22740 fu 0.1953138
Iter 14000 emp 8910 changemu 22940 fu 0.1909998
Iter 14100 emp 8894 changemu 22992 fu 0.1908808
Iter 14200 emp 8839 changemu 23095 fu 0.1805918
Iter 14300 emp 8822 changemu 23114 fu 0.1851608
Iter 14400 emp 8826 changemu 23209 fu 0.1851018
Iter 14500 emp 8887 changemu 23424 fu 0.1861458
Iter 14600 emp 8844 changemu 23546 fu 0.1804188
Iter 14700 emp 8865 changemu 23744 fu 0.1858608
Iter 14800 emp 8840 changemu 24016 fu 0.1753888
Iter 14900 emp 8890 changemu 24041 fu 0.1864668
Iter 15000 emp 8842 changemu 24358 fu 0.1808178
Iter 100 emp 9186 changemu 199 fu 0.3065238
Iter 200 emp 9210 changemu 354 fu 0.2956318
Iter 300 emp 9179 changemu 515 fu 0.2899908
Iter 400 emp 9138 changemu 753 fu 0.2763328
Iter 500 emp 9108 changemu 874 fu 0.2678008
Iter 600 emp 9183 changemu 1038 fu 0.2722298
Iter 700 emp 9169 changemu 1278 fu 0.2559368
Iter 800 emp 9094 changemu 1561 fu 0.2429568
Iter 900 emp 9096 changemu 1704 fu 0.2343198
Iter 1000 emp 9050 changemu 1940 fu 0.2275698
Iter 1100 emp 8993 changemu 2143 fu 0.2318068
Iter 1200 emp 9022 changemu 2313 fu 0.2235488
Iter 1300 emp 8940 changemu 2614 fu 0.2095008
Iter 1400 emp 8945 changemu 2817 fu 0.1997688
Iter 1500 emp 8899 changemu 2993 fu 0.2052568
Iter 1600 emp 8933 changemu 3155 fu 0.2087578
Iter 1700 emp 8912 changemu 3348 fu 0.1985888
Iter 1800 emp 8884 changemu 3597 fu 0.1876988
Iter 1900 emp 8888 changemu 3638 fu 0.1915188
Iter 2000 emp 8858 changemu 3872 fu 0.1878068
Iter 2100 emp 8809 changemu 4092 fu 0.1757788
Iter 2200 emp 8805 changemu 4248 fu 0.1718338
Iter 2300 emp 8812 changemu 4320 fu 0.1794388
Iter 2400 emp 8780 changemu 4513 fu 0.1860098
Iter 2500 emp 8822 changemu 4728 fu 0.1866868
Iter 2600 emp 8759 changemu 4861 fu 0.1820958
Iter 2700 emp 8810 changemu 5037 fu 0.1964178
Iter 2800 emp 8887 changemu 5243 fu 0.2076538
Iter 2900 emp 8928 changemu 5326 fu 0.2084468
Iter 3000 emp 8953 changemu 5426 fu 0.2024428
Iter 3100 emp 8926 changemu 5668 fu 0.2018788
Iter 3200 emp 8891 changemu 5835 fu 0.2044228
Iter 3300 emp 8878 changemu 6041 fu 0.1975208
Iter 3400 emp 8874 changemu 6185 fu 0.1974658
Iter 3500 emp 8853 changemu 6383 fu 0.1867688
Iter 3600 emp 8799 changemu 6509 fu 0.1823118
Iter 3700 emp 8799 changemu 6579 fu 0.1892778
Iter 3800 emp 8783 changemu 6866 fu 0.1922538
Iter 3900 emp 8805 changemu 6933 fu 0.1927178
Iter 4000 emp 8819 changemu 7098 fu 0.1963728
Iter 4100 emp 8864 changemu 7137 fu 0.1969498
Iter 4200 emp 8816 changemu 7346 fu 0.1860998
Iter 4300 emp 8789 changemu 7531 fu 0.1892388
Iter 4400 emp 8803 changemu 7562 fu 0.1894608
Iter 4500 emp 8825 changemu 7649 fu 0.1965608
Iter 4600 emp 8860 changemu 7813 fu 0.2037998
Iter 4700 emp 8832 changemu 7992 fu 0.1968648
Iter 4800 emp 8778 changemu 8317 fu 0.1858378
Iter 4900 emp 8646 changemu 8609 fu 0.1727578
Iter 5000 emp 8625 changemu 8951 fu 0.1611178
Iter 5100 emp 8549 changemu 9221 fu 0.1520278
Iter 5200 emp 8536 changemu 9359 fu 0.1560278
Iter 5300 emp 8524 changemu 9574 fu 0.1598228
Iter 5400 emp 8548 changemu 9778 fu 0.1561978
Iter 5500 emp 8558 changemu 9950 fu 0.1602108
Iter 5600 emp 8571 changemu 10135 fu 0.1603718
Iter 5700 emp 8610 changemu 10253 fu 0.1646238
Iter 5800 emp 8630 changemu 10384 fu 0.1648238
Iter 5900 emp 8574 changemu 10661 fu 0.1639988
Iter 6000 emp 8600 changemu 10860 fu 0.1604968
Iter 6100 emp 8594 changemu 10905 fu 0.1604398
Iter 6200 emp 8523 changemu 11133 fu 0.1473568
Iter 6300 emp 8499 changemu 11429 fu 0.1471088
Iter 6400 emp 8415 changemu 11760 fu 0.1327578
Iter 6500 emp 8410 changemu 11802 fu 0.1328178
Iter 6600 emp 8413 changemu 11906 fu 0.1328158
Iter 6700 emp 8395 changemu 11969 fu 0.1328118
Iter 6800 emp 8425 changemu 12083 fu 0.1376588
Iter 6900 emp 8412 changemu 12193 fu 0.1418888
Iter 7000 emp 8443 changemu 12328 fu 0.1465758
Iter 7100 emp 8418 changemu 12434 fu 0.1505978
Iter 7200 emp 8324 changemu 12691 fu 0.1491808
Iter 7300 emp 8412 changemu 12815 fu 0.1541178
Iter 7400 emp 8495 changemu 12854 fu 0.1591248
Iter 7500 emp 8471 changemu 13038 fu 0.1467038
Iter 7600 emp 8407 changemu 13210 fu 0.1374378
Iter 7700 emp 8362 changemu 13449 fu 0.1276958
Iter 7800 emp 8347 changemu 13589 fu 0.1275298
Iter 7900 emp 8286 changemu 13738 fu 0.1269378
Iter 8000 emp 8307 changemu 13891 fu 0.1270198
Iter 8100 emp 8210 changemu 14094 fu 0.1305548
Iter 8200 emp 8217 changemu 14500 fu 0.1260118
Iter 8300 emp 8205 changemu 14702 fu 0.1210498
Iter 8400 emp 8231 changemu 14773 fu 0.1212838
Iter 8500 emp 8109 changemu 15118 fu 0.1100428
Iter 8600 emp 8048 changemu 15406 fu 0.1195368
Iter 8700 emp 8086 changemu 15498 fu 0.1198668
Iter 8800 emp 8150 changemu 15549 fu 0.1299418
Iter 8900 emp 8226 changemu 15686 fu 0.1395078
Iter 9000 emp 8319 changemu 15760 fu 0.1365778
Iter 9100 emp 8311 changemu 16106 fu 0.1318508
Iter 9200 emp 8297 changemu 16196 fu 0.1270228
Iter 9300 emp 8274 changemu 16400 fu 0.1267688
Iter 9400 emp 8273 changemu 16515 fu 0.1269818
Iter 9500 emp 8275 changemu 16659 fu 0.1315738
Iter 9600 emp 8303 changemu 16813 fu 0.1317278
Iter 9700 emp 8331 changemu 16924 fu 0.1364088
Iter 9800 emp 8272 changemu 17115 fu 0.1268198
Iter 9900 emp 8138 changemu 17512 fu 0.1208378
Iter 10000 emp 8120 changemu 17607 fu 0.1156498
Iter 10100 emp 8081 changemu 17784 fu 0.1150838
Iter 10200 emp 8124 changemu 17943 fu 0.1202618
Iter 10300 emp 8011 changemu 18320 fu 0.1143638
Iter 10400 emp 8002 changemu 18518 fu 0.1142708
Iter 10500 emp 8109 changemu 18558 fu 0.1293638
Iter 10600 emp 8188 changemu 18864 fu 0.1471138
Iter 10700 emp 8263 changemu 18966 fu 0.1480958
Iter 10800 emp 8337 changemu 19146 fu 0.1490628
Iter 10900 emp 8362 changemu 19358 fu 0.1536128
Iter 11000 emp 8396 changemu 19405 fu 0.1537598
Iter 11100 emp 8420 changemu 19556 fu 0.1581048
Iter 11200 emp 8385 changemu 19705 fu 0.1496738
Iter 11300 emp 8399 changemu 19836 fu 0.1538428
Iter 11400 emp 8332 changemu 19943 fu 0.1491938
Iter 11500 emp 8406 changemu 19980 fu 0.1499908
Iter 11600 emp 8457 changemu 20110 fu 0.1505068
Iter 11700 emp 8481 changemu 20192 fu 0.1548288
Iter 11800 emp 8491 changemu 20332 fu 0.1549138
Iter 11900 emp 8542 changemu 20365 fu 0.1556838
Iter 12000 emp 8476 changemu 20537 fu 0.1506578
Iter 12100 emp 8437 changemu 20794 fu 0.1460428
Iter 12200 emp 8476 changemu 20880 fu 0.1421878
Iter 12300 emp 8358 changemu 21163 fu 0.1274248
Iter 12400 emp 8374 changemu 21222 fu 0.1410038
Iter 12500 emp 8292 changemu 21633 fu 0.1218898
Iter 12600 emp 8251 changemu 21836 fu 0.1113898
Iter 12700 emp 8228 changemu 21872 fu 0.1163638
Iter 12800 emp 8245 changemu 21974 fu 0.1309998
Iter 12900 emp 8269 changemu 22177 fu 0.1312388
Iter 13000 emp 8305 changemu 22296 fu 0.1316468
Iter 13100 emp 8306 changemu 22439 fu 0.1269678
Iter 13200 emp 8317 changemu 22582 fu 0.1270488
Iter 13300 emp 8284 changemu 22733 fu 0.1219488
Iter 13400 emp 8257 changemu 22907 fu 0.1112168
Iter 13500 emp 8205 changemu 22987 fu 0.1158688
Iter 13600 emp 8216 changemu 23141 fu 0.1160628
Iter 13700 emp 8234 changemu 23177 fu 0.1162168
Iter 13800 emp 8252 changemu 23208 fu 0.1164568
Iter 13900 emp 8263 changemu 23310 fu 0.1167108
Iter 14000 emp 8236 changemu 23533 fu 0.1307888
Iter 14100 emp 8213 changemu 23763 fu 0.1258158
Iter 14200 emp 8091 changemu 24097 fu 0.1246568
Iter 14300 emp 8086 changemu 24296 fu 0.1197248
Iter 14400 emp 8127 changemu 24354 fu 0.1202168
Iter 14500 emp 8132 changemu 24518 fu 0.1205008
Iter 14600 emp 8162 changemu 24596 fu 0.1300978
Iter 14700 emp 8245 changemu 24677 fu 0.1264228
Iter 14800 emp 8192 changemu 24782 fu 0.1211848
Iter 14900 emp 8214 changemu 24918 fu 0.1260378
Iter 15000 emp 8248 changemu 24972 fu 0.1310018
>> 